<?xml version="1.0" encoding="UTF-8"?>
<!-- Generated by org.testng.reporters.JUnitReportReporter -->
<testsuite hostname="Malathi" failures="0" tests="3" name="TestNG.DataProviderEx3" time="51.359" errors="0" timestamp="2024-12-03T21:14:45 IST" skipped="0">
  <testcase classname="TestNG.DataProviderEx3" name="createOrganization" time="18.738"/>
  <system-out/>
  <testcase classname="TestNG.DataProviderEx3" name="createOrganization" time="15.947"/>
  <system-out/>
  <testcase classname="TestNG.DataProviderEx3" name="createOrganization" time="16.674"/>
  <system-out/>
</testsuite> <!-- TestNG.DataProviderEx3 -->
