<?xml version="1.0" encoding="UTF-8"?>
<!-- Generated by org.testng.reporters.JUnitReportReporter -->
<testsuite hostname="Malathi" failures="0" tests="2" name="Campaign.CreateCampaignWithProductTest" time="67.134" errors="0" timestamp="2024-12-17T23:12:49 IST" skipped="0">
  <testcase classname="Campaign.CreateCampaignWithProductTest" name="createCampaignWithProductTest" time="41.046"/>
  <system-out/>
  <testcase classname="Campaign.CreateCampaignWithProductTest" name="createCampaignWithProductTest" time="26.088"/>
  <system-out/>
</testsuite> <!-- Campaign.CreateCampaignWithProductTest -->
