<?xml version="1.0" encoding="UTF-8"?>
<!-- Generated by org.testng.reporters.JUnitReportReporter -->
<testsuite hostname="Malathi" failures="0" tests="1" name="Product.CreateProductTest" time="28.758" errors="0" timestamp="2024-12-17T23:12:49 IST" skipped="0">
  <testcase classname="Product.CreateProductTest" name="createProductTest" time="28.758"/>
  <system-out/>
</testsuite> <!-- Product.CreateProductTest -->
