<?xml version="1.0" encoding="UTF-8"?>
<!-- Generated by org.testng.reporters.JUnitReportReporter -->
<testsuite hostname="Malathi" failures="0" tests="1" name="Campaign.CreateCampaignTest" time="26.494" errors="0" timestamp="2024-12-17T23:12:49 IST" skipped="0">
  <testcase classname="Campaign.CreateCampaignTest" name="createCampaignTest" time="26.494"/>
  <system-out/>
</testsuite> <!-- Campaign.CreateCampaignTest -->
